Wed Apr 23 19:20:25 UTC 2025
Thu Apr 24 13:35:55 UTC 2025
Fri Apr 25 13:18:36 UTC 2025
Sat Apr 26 13:03:27 UTC 2025
Sun Apr 27 13:04:05 UTC 2025
Mon Apr 28 13:49:49 UTC 2025
Tue Apr 29 13:43:45 UTC 2025
Wed Apr 30 13:18:57 UTC 2025
Thu May  1 13:17:13 UTC 2025
Fri May  2 13:18:21 UTC 2025
Sat May  3 13:04:53 UTC 2025
Sun May  4 13:05:43 UTC 2025
Mon May  5 13:35:26 UTC 2025
Tue May  6 13:38:40 UTC 2025
Wed May  7 13:40:45 UTC 2025
Thu May  8 13:34:50 UTC 2025
Fri May  9 13:20:14 UTC 2025
Sat May 10 13:04:59 UTC 2025
Sun May 11 13:05:27 UTC 2025
Mon May 12 13:39:58 UTC 2025
Tue May 13 13:41:55 UTC 2025
Wed May 14 13:37:26 UTC 2025
Thu May 15 13:36:43 UTC 2025
Fri May 16 13:36:23 UTC 2025
Sat May 17 13:05:43 UTC 2025
Sun May 18 13:14:13 UTC 2025
Mon May 19 13:39:51 UTC 2025
Tue May 20 13:40:43 UTC 2025
Wed May 21 13:38:22 UTC 2025
Thu May 22 13:38:28 UTC 2025
Fri May 23 13:35:36 UTC 2025
Sat May 24 13:16:33 UTC 2025
Sun May 25 12:14:19 UTC 2025
Mon May 26 12:16:07 UTC 2025
Tue May 27 12:17:06 UTC 2025
Wed May 28 12:16:58 UTC 2025
Thu May 29 12:16:38 UTC 2025
Fri May 30 12:16:30 UTC 2025
Sat May 31 12:14:28 UTC 2025
Sun Jun  1 12:15:06 UTC 2025
Mon Jun  2 12:16:51 UTC 2025
Tue Jun  3 12:17:13 UTC 2025
Wed Jun  4 12:17:09 UTC 2025
Thu Jun  5 12:17:32 UTC 2025
Fri Jun  6 12:16:30 UTC 2025
Sat Jun  7 12:14:29 UTC 2025
Sun Jun  8 12:14:35 UTC 2025
Mon Jun  9 12:16:59 UTC 2025
Tue Jun 10 12:17:52 UTC 2025
Wed Jun 11 12:17:39 UTC 2025
Thu Jun 12 12:16:54 UTC 2025
Fri Jun 13 12:17:09 UTC 2025
Sat Jun 14 12:14:38 UTC 2025
Sun Jun 15 12:15:08 UTC 2025
Mon Jun 16 12:17:43 UTC 2025
Tue Jun 17 12:17:54 UTC 2025
Wed Jun 18 12:17:37 UTC 2025
Thu Jun 19 12:17:28 UTC 2025
Fri Jun 20 12:16:59 UTC 2025
Sat Jun 21 12:14:39 UTC 2025
Sun Jun 22 12:14:53 UTC 2025
Mon Jun 23 12:18:01 UTC 2025
Tue Jun 24 12:17:38 UTC 2025
Wed Jun 25 12:17:36 UTC 2025
Thu Jun 26 12:17:12 UTC 2025
Fri Jun 27 12:16:47 UTC 2025
Sat Jun 28 12:15:01 UTC 2025
Sun Jun 29 12:15:12 UTC 2025
Mon Jun 30 12:17:17 UTC 2025
Tue Jul  1 12:17:36 UTC 2025
Wed Jul  2 12:17:10 UTC 2025
Thu Jul  3 12:17:18 UTC 2025
Fri Jul  4 12:16:58 UTC 2025
Sat Jul  5 12:15:11 UTC 2025
Sun Jul  6 12:15:09 UTC 2025
Mon Jul  7 12:17:21 UTC 2025
Tue Jul  8 12:17:40 UTC 2025
Wed Jul  9 12:17:36 UTC 2025
